mode: set
null-space/internal/widget/button.go:19.40,19.55 1 1
null-space/internal/widget/button.go:20.40,20.70 1 1
null-space/internal/widget/button.go:21.41,21.76 1 0
null-space/internal/widget/button.go:22.38,25.41 3 1
null-space/internal/widget/button.go:25.41,26.22 1 1
null-space/internal/widget/button.go:27.21,28.24 1 1
null-space/internal/widget/button.go:28.24,30.5 1 1
null-space/internal/widget/button.go:31.14,32.20 1 0
null-space/internal/widget/button.go:33.20,34.24 1 0
null-space/internal/widget/button.go:38.109,42.13 4 1
null-space/internal/widget/button.go:42.13,46.3 3 1
null-space/internal/widget/button.go:47.2,49.26 3 1
null-space/internal/widget/button.go:49.26,50.21 1 1
null-space/internal/widget/button.go:50.21,51.9 1 0
null-space/internal/widget/button.go:53.3,54.8 2 1
null-space/internal/widget/checkbox.go:20.43,20.58 1 0
null-space/internal/widget/checkbox.go:21.43,21.74 1 0
null-space/internal/widget/checkbox.go:22.44,22.81 1 0
null-space/internal/widget/checkbox.go:23.41,26.41 3 1
null-space/internal/widget/checkbox.go:26.41,27.22 1 1
null-space/internal/widget/checkbox.go:28.21,30.26 2 1
null-space/internal/widget/checkbox.go:30.26,32.5 1 1
null-space/internal/widget/checkbox.go:33.14,34.21 1 0
null-space/internal/widget/checkbox.go:35.20,36.25 1 0
null-space/internal/widget/checkbox.go:40.112,44.13 4 1
null-space/internal/widget/checkbox.go:44.13,48.3 3 0
null-space/internal/widget/checkbox.go:49.2,50.16 2 1
null-space/internal/widget/checkbox.go:50.16,52.3 1 1
null-space/internal/widget/checkbox.go:53.2,55.25 3 1
null-space/internal/widget/checkbox.go:55.25,56.21 1 1
null-space/internal/widget/checkbox.go:56.21,57.9 1 0
null-space/internal/widget/checkbox.go:59.3,60.8 2 1
null-space/internal/widget/container.go:31.38,33.35 1 0
null-space/internal/widget/container.go:33.35,34.32 1 0
null-space/internal/widget/container.go:34.32,36.4 1 0
null-space/internal/widget/container.go:38.2,38.14 1 0
null-space/internal/widget/container.go:41.42,41.57 1 1
null-space/internal/widget/container.go:43.44,48.2 4 0
null-space/internal/widget/container.go:50.41,55.53 3 0
null-space/internal/widget/container.go:55.53,57.3 1 0
null-space/internal/widget/container.go:58.2,58.20 1 0
null-space/internal/widget/container.go:58.20,60.3 1 0
null-space/internal/widget/container.go:62.2,63.24 2 0
null-space/internal/widget/container.go:63.24,65.3 1 0
null-space/internal/widget/container.go:66.2,69.37 2 0
null-space/internal/widget/container.go:69.37,71.10 2 0
null-space/internal/widget/container.go:71.10,72.25 1 0
null-space/internal/widget/container.go:72.25,75.5 1 0
null-space/internal/widget/container.go:76.9,76.18 1 0
null-space/internal/widget/container.go:76.18,77.25 1 0
null-space/internal/widget/container.go:77.25,79.5 1 0
null-space/internal/widget/container.go:85.34,86.35 1 0
null-space/internal/widget/container.go:86.35,87.32 1 0
null-space/internal/widget/container.go:87.32,90.4 2 0
null-space/internal/widget/container.go:92.2,92.17 1 0
null-space/internal/widget/container.go:97.46,99.12 2 0
null-space/internal/widget/container.go:99.12,101.3 1 0
null-space/internal/widget/container.go:102.2,104.6 3 0
null-space/internal/widget/container.go:104.6,106.19 2 0
null-space/internal/widget/container.go:106.19,108.4 1 0
null-space/internal/widget/container.go:109.3,109.42 1 0
null-space/internal/widget/container.go:109.42,115.4 5 0
null-space/internal/widget/container.go:119.44,120.39 1 0
null-space/internal/widget/container.go:120.39,122.3 1 0
null-space/internal/widget/container.go:123.2,123.46 1 0
null-space/internal/widget/container.go:124.18,125.18 1 0
null-space/internal/widget/container.go:126.21,127.18 1 0
null-space/internal/widget/container.go:131.48,132.39 1 0
null-space/internal/widget/container.go:132.39,134.3 1 0
null-space/internal/widget/container.go:135.2,135.46 1 0
null-space/internal/widget/container.go:136.18,137.19 1 0
null-space/internal/widget/container.go:138.21,139.19 1 0
null-space/internal/widget/container.go:144.88,145.53 1 0
null-space/internal/widget/container.go:145.53,147.3 1 0
null-space/internal/widget/container.go:148.2,151.28 3 0
null-space/internal/widget/container.go:152.18,153.19 1 0
null-space/internal/widget/container.go:154.21,155.19 1 0
null-space/internal/widget/container.go:157.2,157.18 1 0
null-space/internal/widget/container.go:157.18,159.3 1 0
null-space/internal/widget/container.go:160.2,161.19 2 0
null-space/internal/widget/container.go:161.19,163.3 1 0
null-space/internal/widget/container.go:166.2,167.52 2 0
null-space/internal/widget/container.go:167.52,169.3 1 0
null-space/internal/widget/container.go:170.2,170.18 1 0
null-space/internal/widget/container.go:170.18,173.3 2 0
null-space/internal/widget/container.go:173.8,176.3 2 0
null-space/internal/widget/container.go:177.2,177.21 1 0
null-space/internal/widget/container.go:180.114,181.26 1 1
null-space/internal/widget/container.go:181.26,183.3 1 0
null-space/internal/widget/container.go:185.2,187.18 2 1
null-space/internal/widget/container.go:187.18,189.36 2 1
null-space/internal/widget/container.go:189.36,191.14 2 1
null-space/internal/widget/container.go:191.14,194.5 2 1
null-space/internal/widget/container.go:195.4,195.13 1 1
null-space/internal/widget/container.go:197.8,199.36 2 1
null-space/internal/widget/container.go:199.36,201.14 2 1
null-space/internal/widget/container.go:201.14,204.5 2 1
null-space/internal/widget/container.go:205.4,205.13 1 1
null-space/internal/widget/container.go:210.55,212.18 2 1
null-space/internal/widget/container.go:212.18,214.3 1 1
null-space/internal/widget/container.go:215.2,219.35 4 1
null-space/internal/widget/container.go:219.35,220.22 1 1
null-space/internal/widget/container.go:220.22,223.4 2 1
null-space/internal/widget/container.go:223.9,225.14 2 1
null-space/internal/widget/container.go:225.14,227.5 1 0
null-space/internal/widget/container.go:228.4,228.20 1 1
null-space/internal/widget/container.go:232.2,232.38 1 1
null-space/internal/widget/container.go:232.38,234.36 2 1
null-space/internal/widget/container.go:234.36,235.23 1 1
null-space/internal/widget/container.go:235.23,236.13 1 1
null-space/internal/widget/container.go:238.4,239.14 2 1
null-space/internal/widget/container.go:239.14,241.5 1 0
null-space/internal/widget/container.go:242.4,243.27 2 1
null-space/internal/widget/container.go:245.3,246.36 2 1
null-space/internal/widget/container.go:246.36,247.24 1 1
null-space/internal/widget/container.go:247.24,249.10 2 1
null-space/internal/widget/container.go:251.4,251.13 1 1
null-space/internal/widget/container.go:254.2,254.14 1 1
null-space/internal/widget/control.go:53.42,54.20 1 1
null-space/internal/widget/control.go:54.20,56.3 1 1
null-space/internal/widget/control.go:57.2,57.18 1 0
null-space/internal/widget/control.go:59.42,60.20 1 1
null-space/internal/widget/control.go:60.20,62.3 1 1
null-space/internal/widget/control.go:63.2,63.18 1 0
null-space/internal/widget/control.go:78.70,84.26 5 1
null-space/internal/widget/control.go:84.26,86.3 1 1
null-space/internal/widget/control.go:87.2,88.16 2 1
null-space/internal/widget/control.go:88.16,90.3 1 1
null-space/internal/widget/control.go:92.2,93.28 2 1
null-space/internal/widget/control.go:93.28,95.3 1 1
null-space/internal/widget/control.go:96.2,96.22 1 1
null-space/internal/widget/control.go:96.22,100.3 2 1
null-space/internal/widget/control.go:103.2,104.28 2 1
null-space/internal/widget/control.go:104.28,105.12 1 1
null-space/internal/widget/control.go:105.12,109.4 3 1
null-space/internal/widget/control.go:112.2,113.28 2 1
null-space/internal/widget/control.go:113.28,114.29 1 1
null-space/internal/widget/control.go:114.29,116.9 2 0
null-space/internal/widget/control.go:118.3,118.8 1 1
null-space/internal/widget/control.go:120.2,120.14 1 1
null-space/internal/widget/divider.go:17.43,17.44 0 0
null-space/internal/widget/divider.go:18.42,18.58 1 1
null-space/internal/widget/divider.go:19.42,19.57 1 1
null-space/internal/widget/divider.go:20.105,24.37 4 1
null-space/internal/widget/divider.go:24.37,26.3 1 1
null-space/internal/widget/divider.go:36.43,36.44 0 0
null-space/internal/widget/divider.go:37.42,37.58 1 0
null-space/internal/widget/divider.go:38.42,38.57 1 0
null-space/internal/widget/divider.go:39.105,43.38 4 1
null-space/internal/widget/divider.go:43.38,45.3 1 1
null-space/internal/widget/gameview.go:20.41,20.60 1 0
null-space/internal/widget/gameview.go:21.41,21.63 1 0
null-space/internal/widget/gameview.go:22.41,22.56 1 1
null-space/internal/widget/gameview.go:23.43,28.2 4 0
null-space/internal/widget/gameview.go:30.40,33.41 3 0
null-space/internal/widget/gameview.go:33.41,34.22 1 0
null-space/internal/widget/gameview.go:35.16,37.20 1 0
null-space/internal/widget/gameview.go:38.14,39.20 1 0
null-space/internal/widget/gameview.go:40.20,41.24 1 0
null-space/internal/widget/gameview.go:42.11,43.22 1 0
null-space/internal/widget/gameview.go:43.22,45.23 2 0
null-space/internal/widget/gameview.go:45.23,47.6 1 0
null-space/internal/widget/gameview.go:48.5,48.17 1 0
null-space/internal/widget/gameview.go:54.105,55.23 1 1
null-space/internal/widget/gameview.go:55.23,60.3 4 0
null-space/internal/widget/gameview.go:61.2,61.38 1 1
null-space/internal/widget/label.go:19.39,19.40 0 0
null-space/internal/widget/label.go:20.38,20.54 1 1
null-space/internal/widget/label.go:21.38,21.76 1 1
null-space/internal/widget/label.go:22.93,29.17 6 1
null-space/internal/widget/label.go:30.16,31.14 1 0
null-space/internal/widget/label.go:31.14,33.4 1 0
null-space/internal/widget/label.go:34.15,35.14 1 0
null-space/internal/widget/label.go:35.14,37.4 1 0
null-space/internal/widget/label.go:40.2,41.25 2 1
null-space/internal/widget/label.go:41.25,42.17 1 1
null-space/internal/widget/label.go:42.17,43.9 1 0
null-space/internal/widget/label.go:45.3,45.15 1 1
null-space/internal/widget/label.go:45.15,47.4 1 1
null-space/internal/widget/label.go:48.3,48.8 1 1
null-space/internal/widget/menu.go:18.50,20.36 2 1
null-space/internal/widget/menu.go:20.36,22.3 1 1
null-space/internal/widget/menu.go:23.2,25.24 3 1
null-space/internal/widget/menu.go:30.68,32.36 2 1
null-space/internal/widget/menu.go:32.36,34.3 1 0
null-space/internal/widget/menu.go:35.2,38.73 4 1
null-space/internal/widget/menu.go:42.42,45.2 2 1
null-space/internal/widget/menu.go:48.47,51.2 2 0
null-space/internal/widget/menu.go:55.39,57.26 2 1
null-space/internal/widget/menu.go:57.26,58.17 1 1
null-space/internal/widget/menu.go:58.17,60.4 1 1
null-space/internal/widget/menu.go:62.2,62.45 1 1
null-space/internal/widget/menu.go:66.52,67.16 1 1
null-space/internal/widget/menu.go:67.16,69.3 1 0
null-space/internal/widget/menu.go:70.2,70.37 1 1
null-space/internal/widget/menu.go:70.37,72.3 1 1
null-space/internal/widget/menu.go:73.2,73.39 1 0
null-space/internal/widget/menu.go:92.41,92.70 1 1
null-space/internal/widget/menu.go:94.58,95.25 1 1
null-space/internal/widget/menu.go:95.25,97.3 1 0
null-space/internal/widget/menu.go:98.2,98.37 1 1
null-space/internal/widget/menu.go:101.59,104.2 2 1
null-space/internal/widget/menu.go:106.36,107.24 1 1
null-space/internal/widget/menu.go:107.24,110.3 2 1
null-space/internal/widget/menu.go:114.40,116.2 1 0
null-space/internal/widget/menu.go:122.92,124.26 1 1
null-space/internal/widget/menu.go:124.26,125.30 1 1
null-space/internal/widget/menu.go:125.30,126.80 1 1
null-space/internal/widget/menu.go:126.80,131.5 4 1
null-space/internal/widget/menu.go:135.2,135.19 1 1
null-space/internal/widget/menu.go:135.19,137.3 1 0
null-space/internal/widget/menu.go:138.2,138.18 1 1
null-space/internal/widget/menu.go:138.18,139.39 1 1
null-space/internal/widget/menu.go:139.39,142.4 2 0
null-space/internal/widget/menu.go:142.9,146.4 3 1
null-space/internal/widget/menu.go:147.3,147.14 1 1
null-space/internal/widget/menu.go:150.2,150.53 1 1
null-space/internal/widget/menu.go:150.53,152.27 2 1
null-space/internal/widget/menu.go:152.27,153.33 1 1
null-space/internal/widget/menu.go:153.33,159.5 5 1
null-space/internal/widget/menu.go:162.2,162.21 1 1
null-space/internal/widget/menu.go:162.21,164.3 1 1
null-space/internal/widget/menu.go:165.2,165.19 1 1
null-space/internal/widget/menu.go:165.19,167.3 1 1
null-space/internal/widget/menu.go:168.2,168.14 1 0
null-space/internal/widget/menu.go:171.82,173.12 2 1
null-space/internal/widget/menu.go:173.12,175.3 1 0
null-space/internal/widget/menu.go:176.2,176.13 1 1
null-space/internal/widget/menu.go:177.14,178.23 1 0
null-space/internal/widget/menu.go:178.23,180.4 1 0
null-space/internal/widget/menu.go:180.9,182.4 1 0
null-space/internal/widget/menu.go:183.15,184.40 1 1
null-space/internal/widget/menu.go:185.23,187.60 2 1
null-space/internal/widget/menu.go:188.13,189.24 1 1
null-space/internal/widget/menu.go:190.10,192.20 1 0
null-space/internal/widget/menu.go:192.20,194.28 2 0
null-space/internal/widget/menu.go:194.28,195.34 1 0
null-space/internal/widget/menu.go:195.34,200.6 4 0
null-space/internal/widget/menu.go:204.2,204.13 1 1
null-space/internal/widget/menu.go:207.100,208.30 1 1
null-space/internal/widget/menu.go:208.30,210.3 1 0
null-space/internal/widget/menu.go:211.2,213.13 3 1
null-space/internal/widget/menu.go:214.12,215.53 1 0
null-space/internal/widget/menu.go:216.14,217.53 1 0
null-space/internal/widget/menu.go:218.14,219.23 1 0
null-space/internal/widget/menu.go:219.23,221.4 1 0
null-space/internal/widget/menu.go:221.9,223.4 1 0
null-space/internal/widget/menu.go:224.3,225.60 2 0
null-space/internal/widget/menu.go:226.15,229.60 3 0
null-space/internal/widget/menu.go:230.15,231.53 1 0
null-space/internal/widget/menu.go:231.53,233.45 2 0
null-space/internal/widget/menu.go:233.45,237.5 3 0
null-space/internal/widget/menu.go:239.13,240.18 1 1
null-space/internal/widget/menu.go:242.10,244.20 1 0
null-space/internal/widget/menu.go:244.20,246.29 2 0
null-space/internal/widget/menu.go:246.29,247.71 1 0
null-space/internal/widget/menu.go:247.71,248.27 1 0
null-space/internal/widget/menu.go:248.27,252.7 3 0
null-space/internal/widget/menu.go:253.6,254.17 2 0
null-space/internal/widget/menu.go:259.2,259.13 1 1
null-space/internal/widget/menu.go:262.57,264.14 2 1
null-space/internal/widget/menu.go:264.14,266.3 1 0
null-space/internal/widget/menu.go:267.2,268.20 2 1
null-space/internal/widget/menu.go:268.20,270.3 1 0
null-space/internal/widget/menu.go:271.2,271.13 1 1
null-space/internal/widget/menu.go:272.13,273.50 1 0
null-space/internal/widget/menu.go:274.14,275.24 1 0
null-space/internal/widget/menu.go:275.24,277.4 1 0
null-space/internal/widget/menu.go:278.15,279.34 1 0
null-space/internal/widget/menu.go:279.34,281.4 1 0
null-space/internal/widget/menu.go:282.20,286.16 4 1
null-space/internal/widget/menu.go:286.16,288.4 1 0
null-space/internal/widget/menu.go:289.13,292.16 3 0
null-space/internal/widget/menu.go:292.16,294.4 1 0
null-space/internal/widget/menu.go:296.2,296.13 1 1
null-space/internal/widget/menu.go:304.120,306.19 1 0
null-space/internal/widget/menu.go:306.19,308.3 1 0
null-space/internal/widget/menu.go:311.2,311.48 1 0
null-space/internal/widget/menu.go:311.48,312.61 1 0
null-space/internal/widget/menu.go:312.61,314.4 1 0
null-space/internal/widget/menu.go:316.3,317.24 2 0
null-space/internal/widget/menu.go:322.2,322.37 1 0
null-space/internal/widget/menu.go:322.37,324.27 2 0
null-space/internal/widget/menu.go:324.27,328.31 4 0
null-space/internal/widget/menu.go:328.31,334.5 5 0
null-space/internal/widget/menu.go:337.3,338.14 2 0
null-space/internal/widget/menu.go:341.2,341.14 1 0
null-space/internal/widget/menu.go:344.110,346.21 2 0
null-space/internal/widget/menu.go:346.21,348.3 1 0
null-space/internal/widget/menu.go:351.2,353.27 3 0
null-space/internal/widget/menu.go:353.27,355.3 1 0
null-space/internal/widget/menu.go:356.2,360.27 3 0
null-space/internal/widget/menu.go:360.27,361.23 1 0
null-space/internal/widget/menu.go:361.23,363.26 2 0
null-space/internal/widget/menu.go:363.26,365.5 1 0
null-space/internal/widget/menu.go:368.2,369.17 2 0
null-space/internal/widget/menu.go:369.17,371.3 1 0
null-space/internal/widget/menu.go:372.2,377.42 4 0
null-space/internal/widget/menu.go:377.42,379.3 1 0
null-space/internal/widget/menu.go:382.2,383.27 2 0
null-space/internal/widget/menu.go:383.27,385.58 2 0
null-space/internal/widget/menu.go:385.58,386.25 1 0
null-space/internal/widget/menu.go:386.25,391.5 4 0
null-space/internal/widget/menu.go:392.4,392.15 1 0
null-space/internal/widget/menu.go:395.2,395.26 1 0
null-space/internal/widget/menu.go:398.75,400.14 2 1
null-space/internal/widget/menu.go:400.14,402.3 1 0
null-space/internal/widget/menu.go:403.2,404.20 2 1
null-space/internal/widget/menu.go:404.20,406.3 1 0
null-space/internal/widget/menu.go:409.2,411.30 3 1
null-space/internal/widget/menu.go:411.30,413.19 2 1
null-space/internal/widget/menu.go:413.19,415.4 1 1
null-space/internal/widget/menu.go:417.2,418.25 2 1
null-space/internal/widget/menu.go:418.25,420.3 1 1
null-space/internal/widget/menu.go:421.2,424.42 3 1
null-space/internal/widget/menu.go:424.42,426.3 1 0
null-space/internal/widget/menu.go:427.2,427.21 1 1
null-space/internal/widget/menu.go:427.21,429.3 1 1
null-space/internal/widget/menu.go:430.2,430.17 1 1
null-space/internal/widget/menu.go:430.17,432.3 1 0
null-space/internal/widget/menu.go:435.2,439.13 5 1
null-space/internal/widget/menu.go:439.13,441.3 1 0
null-space/internal/widget/menu.go:445.2,446.17 2 1
null-space/internal/widget/menu.go:446.17,450.26 3 1
null-space/internal/widget/menu.go:450.26,452.28 2 1
null-space/internal/widget/menu.go:452.28,456.18 4 1
null-space/internal/widget/menu.go:456.18,458.6 1 1
null-space/internal/widget/menu.go:459.5,459.16 1 1
null-space/internal/widget/menu.go:461.4,461.16 1 1
null-space/internal/widget/menu.go:466.2,468.69 3 0
null-space/internal/widget/menu.go:473.48,475.2 1 1
null-space/internal/widget/menu.go:477.54,478.27 1 1
null-space/internal/widget/menu.go:478.27,479.39 1 1
null-space/internal/widget/menu.go:479.39,481.4 1 1
null-space/internal/widget/menu.go:483.2,483.10 1 0
null-space/internal/widget/menu.go:486.62,487.40 1 0
null-space/internal/widget/menu.go:487.40,488.51 1 0
null-space/internal/widget/menu.go:488.51,490.4 1 0
null-space/internal/widget/menu.go:492.2,492.12 1 0
null-space/internal/widget/menu.go:495.62,496.32 1 0
null-space/internal/widget/menu.go:496.32,497.51 1 0
null-space/internal/widget/menu.go:497.51,499.4 1 0
null-space/internal/widget/menu.go:501.2,501.12 1 0
null-space/internal/widget/menu_render.go:26.100,33.26 6 1
null-space/internal/widget/menu_render.go:33.26,34.12 1 1
null-space/internal/widget/menu_render.go:34.12,36.4 1 1
null-space/internal/widget/menu_render.go:37.3,38.14 2 1
null-space/internal/widget/menu_render.go:38.14,42.4 3 1
null-space/internal/widget/menu_render.go:42.9,46.4 3 1
null-space/internal/widget/menu_render.go:48.2,50.16 3 1
null-space/internal/widget/menu_render.go:50.16,52.3 1 1
null-space/internal/widget/menu_render.go:53.2,53.39 1 1
null-space/internal/widget/menu_render.go:57.53,60.26 3 1
null-space/internal/widget/menu_render.go:60.26,64.23 4 1
null-space/internal/widget/menu_render.go:64.23,66.4 1 1
null-space/internal/widget/menu_render.go:68.2,68.12 1 1
null-space/internal/widget/menu_render.go:75.108,76.48 1 1
null-space/internal/widget/menu_render.go:76.48,78.3 1 0
null-space/internal/widget/menu_render.go:79.2,80.21 2 1
null-space/internal/widget/menu_render.go:80.21,82.3 1 0
null-space/internal/widget/menu_render.go:85.2,86.27 2 1
null-space/internal/widget/menu_render.go:86.27,87.16 1 1
null-space/internal/widget/menu_render.go:87.16,89.9 2 1
null-space/internal/widget/menu_render.go:92.2,93.16 2 1
null-space/internal/widget/menu_render.go:93.16,95.3 1 1
null-space/internal/widget/menu_render.go:97.2,98.27 2 1
null-space/internal/widget/menu_render.go:98.27,99.23 1 1
null-space/internal/widget/menu_render.go:99.23,102.23 3 1
null-space/internal/widget/menu_render.go:102.23,104.5 1 1
null-space/internal/widget/menu_render.go:105.4,105.17 1 1
null-space/internal/widget/menu_render.go:105.17,107.5 1 1
null-space/internal/widget/menu_render.go:110.2,111.17 2 1
null-space/internal/widget/menu_render.go:111.17,113.3 1 1
null-space/internal/widget/menu_render.go:115.2,130.27 11 1
null-space/internal/widget/menu_render.go:130.27,131.22 1 1
null-space/internal/widget/menu_render.go:131.22,133.12 2 1
null-space/internal/widget/menu_render.go:137.3,138.17 2 1
null-space/internal/widget/menu_render.go:138.17,139.54 1 1
null-space/internal/widget/menu_render.go:139.54,141.5 1 1
null-space/internal/widget/menu_render.go:141.10,143.5 1 1
null-space/internal/widget/menu_render.go:146.3,148.22 3 1
null-space/internal/widget/menu_render.go:148.22,150.4 1 1
null-space/internal/widget/menu_render.go:151.3,153.10 3 1
null-space/internal/widget/menu_render.go:154.20,155.84 1 0
null-space/internal/widget/menu_render.go:156.26,157.125 1 1
null-space/internal/widget/menu_render.go:158.11,159.117 1 1
null-space/internal/widget/menu_render.go:161.3,161.89 1 1
null-space/internal/widget/menu_render.go:163.2,167.27 4 1
null-space/internal/widget/menu_render.go:167.27,169.3 1 1
null-space/internal/widget/menu_render.go:172.2,179.3 2 1
null-space/internal/widget/menu_render.go:185.90,187.14 2 1
null-space/internal/widget/menu_render.go:187.14,189.3 1 0
null-space/internal/widget/menu_render.go:190.2,191.20 2 1
null-space/internal/widget/menu_render.go:191.20,193.3 1 1
null-space/internal/widget/menu_render.go:195.2,197.30 3 1
null-space/internal/widget/menu_render.go:197.30,199.19 2 1
null-space/internal/widget/menu_render.go:199.19,201.4 1 1
null-space/internal/widget/menu_render.go:204.2,205.25 2 1
null-space/internal/widget/menu_render.go:205.25,207.3 1 1
null-space/internal/widget/menu_render.go:208.2,211.42 3 1
null-space/internal/widget/menu_render.go:211.42,213.3 1 1
null-space/internal/widget/menu_render.go:214.2,214.21 1 1
null-space/internal/widget/menu_render.go:214.21,216.3 1 1
null-space/internal/widget/menu_render.go:217.2,217.17 1 1
null-space/internal/widget/menu_render.go:217.17,219.3 1 1
null-space/internal/widget/menu_render.go:221.2,224.38 3 1
null-space/internal/widget/menu_render.go:224.38,226.3 1 1
null-space/internal/widget/menu_render.go:227.2,240.31 8 1
null-space/internal/widget/menu_render.go:240.31,241.15 1 1
null-space/internal/widget/menu_render.go:241.15,243.4 1 0
null-space/internal/widget/menu_render.go:243.9,245.4 1 1
null-space/internal/widget/menu_render.go:248.2,253.25 4 1
null-space/internal/widget/menu_render.go:253.25,255.25 2 1
null-space/internal/widget/menu_render.go:255.25,257.4 1 1
null-space/internal/widget/menu_render.go:257.9,259.4 1 1
null-space/internal/widget/menu_render.go:262.2,263.29 2 1
null-space/internal/widget/menu_render.go:263.29,264.12 1 1
null-space/internal/widget/menu_render.go:264.12,266.4 1 1
null-space/internal/widget/menu_render.go:267.3,267.23 1 1
null-space/internal/widget/menu_render.go:269.2,272.14 4 1
null-space/internal/widget/menu_render.go:272.14,274.3 1 0
null-space/internal/widget/menu_render.go:275.2,276.14 2 1
null-space/internal/widget/menu_render.go:276.14,278.3 1 0
null-space/internal/widget/menu_render.go:279.2,289.13 8 1
null-space/internal/widget/menu_render.go:289.13,291.3 1 0
null-space/internal/widget/menu_render.go:292.2,293.13 2 1
null-space/internal/widget/menu_render.go:293.13,295.3 1 0
null-space/internal/widget/menu_render.go:297.2,303.3 1 1
null-space/internal/widget/menubar.go:22.41,22.57 1 0
null-space/internal/widget/menubar.go:23.41,23.56 1 0
null-space/internal/widget/menubar.go:24.42,24.43 0 0
null-space/internal/widget/menubar.go:27.104,28.31 1 0
null-space/internal/widget/menubar.go:28.31,30.3 1 0
null-space/internal/widget/menubar.go:32.2,42.31 8 0
null-space/internal/widget/menubar.go:42.31,43.21 1 0
null-space/internal/widget/menubar.go:43.21,44.9 1 0
null-space/internal/widget/menubar.go:48.3,48.12 1 0
null-space/internal/widget/menubar.go:48.12,50.17 2 0
null-space/internal/widget/menubar.go:50.17,53.5 2 0
null-space/internal/widget/menubar.go:56.3,59.20 2 0
null-space/internal/widget/menubar.go:59.20,60.15 1 0
null-space/internal/widget/menubar.go:60.15,62.5 1 0
null-space/internal/widget/menubar.go:63.4,63.9 1 0
null-space/internal/widget/menubar.go:68.3,71.29 3 0
null-space/internal/widget/menubar.go:71.29,72.22 1 0
null-space/internal/widget/menubar.go:72.22,73.10 1 0
null-space/internal/widget/menubar.go:77.4,78.15 2 0
null-space/internal/widget/menubar.go:78.15,79.19 1 0
null-space/internal/widget/menubar.go:79.19,81.6 1 0
null-space/internal/widget/menubar.go:81.11,83.6 1 0
null-space/internal/widget/menubar.go:84.10,85.19 1 0
null-space/internal/widget/menubar.go:85.19,87.6 1 0
null-space/internal/widget/menubar.go:87.11,89.6 1 0
null-space/internal/widget/menubar.go:91.4,91.9 1 0
null-space/internal/widget/menubar.go:95.3,95.20 1 0
null-space/internal/widget/menubar.go:95.20,96.15 1 0
null-space/internal/widget/menubar.go:96.15,98.5 1 0
null-space/internal/widget/menubar.go:99.4,99.9 1 0
null-space/internal/widget/overlay.go:14.60,19.2 4 1
null-space/internal/widget/overlay.go:22.67,23.31 1 1
null-space/internal/widget/overlay.go:23.31,25.33 2 1
null-space/internal/widget/overlay.go:25.33,26.12 1 0
null-space/internal/widget/overlay.go:28.3,29.13 2 1
null-space/internal/widget/overlay.go:29.13,30.12 1 0
null-space/internal/widget/overlay.go:32.3,32.49 1 1
null-space/internal/widget/overlay.go:37.60,42.17 4 1
null-space/internal/widget/overlay.go:42.17,44.3 1 0
null-space/internal/widget/overlay.go:46.2,47.35 2 1
null-space/internal/widget/overlay.go:47.35,49.3 1 1
null-space/internal/widget/overlay.go:51.2,51.28 1 1
null-space/internal/widget/overlay.go:60.96,64.2 3 1
null-space/internal/widget/overlay.go:67.99,70.31 2 1
null-space/internal/widget/overlay.go:70.31,72.31 2 1
null-space/internal/widget/overlay.go:72.31,74.4 1 1
null-space/internal/widget/overlay.go:79.2,80.46 2 1
null-space/internal/widget/overlay.go:80.46,82.3 1 1
null-space/internal/widget/overlay.go:88.84,91.37 3 1
null-space/internal/widget/overlay.go:91.37,93.3 1 0
null-space/internal/widget/overlay.go:94.2,94.20 1 1
null-space/internal/widget/overlay.go:94.20,96.3 1 0
null-space/internal/widget/overlay.go:99.2,101.22 3 1
null-space/internal/widget/overlay.go:101.22,103.3 1 0
null-space/internal/widget/overlay.go:106.2,111.61 5 1
null-space/internal/widget/overlay.go:111.61,116.3 4 1
null-space/internal/widget/overlay.go:119.2,120.20 2 1
null-space/internal/widget/overlay.go:120.20,122.3 1 0
null-space/internal/widget/overlay.go:124.2,124.39 1 1
null-space/internal/widget/overlay.go:129.72,131.29 2 1
null-space/internal/widget/overlay.go:131.29,133.3 1 0
null-space/internal/widget/overlay.go:136.2,138.17 3 1
null-space/internal/widget/overlay.go:138.17,140.3 1 0
null-space/internal/widget/overlay.go:143.2,145.19 3 1
null-space/internal/widget/overlay.go:145.19,148.24 2 1
null-space/internal/widget/overlay.go:148.24,151.4 2 1
null-space/internal/widget/overlay.go:155.2,156.19 2 1
null-space/internal/widget/overlay.go:156.19,158.3 1 0
null-space/internal/widget/overlay.go:160.2,160.43 1 1
null-space/internal/widget/overlay.go:166.46,172.26 5 1
null-space/internal/widget/overlay.go:172.26,173.54 1 1
null-space/internal/widget/overlay.go:173.54,176.86 2 1
null-space/internal/widget/overlay.go:176.86,178.5 1 1
null-space/internal/widget/overlay.go:179.4,179.18 1 1
null-space/internal/widget/overlay.go:179.18,181.5 1 1
null-space/internal/widget/overlay.go:182.4,183.13 2 1
null-space/internal/widget/overlay.go:183.13,185.5 1 0
null-space/internal/widget/overlay.go:185.10,187.5 1 1
null-space/internal/widget/overlay.go:188.4,189.12 2 1
null-space/internal/widget/overlay.go:191.3,192.15 2 1
null-space/internal/widget/overlay.go:192.15,193.14 1 1
null-space/internal/widget/overlay.go:193.14,196.5 2 1
null-space/internal/widget/overlay.go:197.4,197.34 1 1
null-space/internal/widget/overlay.go:199.3,200.12 2 1
null-space/internal/widget/overlay.go:202.2,202.21 1 1
null-space/internal/widget/panel.go:26.38,26.54 1 0
null-space/internal/widget/panel.go:27.38,27.53 1 1
null-space/internal/widget/panel.go:28.39,28.40 0 0
null-space/internal/widget/panel.go:30.108,47.19 12 1
null-space/internal/widget/panel.go:47.19,51.48 4 1
null-space/internal/widget/panel.go:51.48,53.4 1 1
null-space/internal/widget/panel.go:54.8,55.44 1 0
null-space/internal/widget/panel.go:55.44,57.4 1 0
null-space/internal/widget/panel.go:61.2,64.43 4 1
null-space/internal/widget/panel.go:64.43,66.3 1 1
null-space/internal/widget/panel.go:69.2,70.38 2 1
null-space/internal/widget/panel.go:70.38,73.3 2 1
null-space/internal/widget/panel.go:76.2,77.35 2 1
null-space/internal/widget/panel.go:77.35,79.25 2 1
null-space/internal/widget/panel.go:79.25,80.12 1 0
null-space/internal/widget/panel.go:82.3,83.61 2 1
null-space/internal/widget/panel.go:87.2,87.35 1 1
null-space/internal/widget/panel.go:87.35,89.25 2 1
null-space/internal/widget/panel.go:89.25,90.12 1 0
null-space/internal/widget/panel.go:92.3,92.31 1 1
null-space/internal/widget/panel.go:93.18,94.43 1 0
null-space/internal/widget/panel.go:94.43,97.5 2 0
null-space/internal/widget/panel.go:98.18,99.43 1 0
null-space/internal/widget/panel.go:99.43,102.5 2 0
null-space/internal/widget/panel.go:107.49,109.35 2 1
null-space/internal/widget/panel.go:109.35,112.22 3 1
null-space/internal/widget/panel.go:112.22,114.4 1 1
null-space/internal/widget/panel.go:115.3,115.22 1 1
null-space/internal/widget/panel.go:115.22,117.4 1 1
null-space/internal/widget/panel.go:119.2,121.32 3 1
null-space/internal/widget/panel.go:121.32,123.3 1 0
null-space/internal/widget/panel.go:125.2,130.35 5 1
null-space/internal/widget/panel.go:130.35,133.17 3 1
null-space/internal/widget/panel.go:133.17,135.4 1 0
null-space/internal/widget/panel.go:136.3,136.17 1 1
null-space/internal/widget/panel.go:136.17,138.4 1 0
null-space/internal/widget/panel.go:139.3,139.51 1 1
null-space/internal/widget/panel.go:139.51,141.4 1 1
null-space/internal/widget/panel.go:142.3,142.51 1 1
null-space/internal/widget/panel.go:142.51,144.4 1 1
null-space/internal/widget/panel.go:145.3,145.35 1 1
null-space/internal/widget/panel.go:145.35,147.4 1 1
null-space/internal/widget/panel.go:148.3,148.35 1 1
null-space/internal/widget/panel.go:148.35,150.4 1 0
null-space/internal/widget/panel.go:153.2,159.25 6 1
null-space/internal/widget/panel.go:159.25,162.3 2 1
null-space/internal/widget/panel.go:163.2,164.25 2 1
null-space/internal/widget/panel.go:164.25,167.3 2 1
null-space/internal/widget/panel.go:170.55,172.48 2 1
null-space/internal/widget/panel.go:172.48,174.3 1 0
null-space/internal/widget/panel.go:175.2,178.66 4 1
null-space/internal/widget/panel.go:178.66,180.3 1 1
null-space/internal/widget/panel.go:181.2,182.66 2 1
null-space/internal/widget/panel.go:182.66,184.3 1 1
null-space/internal/widget/panel.go:185.2,185.21 1 1
null-space/internal/widget/reconcile.go:33.43,34.35 1 1
null-space/internal/widget/reconcile.go:34.35,36.3 1 0
null-space/internal/widget/reconcile.go:37.2,37.43 1 1
null-space/internal/widget/reconcile.go:37.43,38.32 1 1
null-space/internal/widget/reconcile.go:38.32,40.4 1 1
null-space/internal/widget/reconcile.go:42.2,42.14 1 0
null-space/internal/widget/reconcile.go:53.15,57.63 2 1
null-space/internal/widget/reconcile.go:57.63,61.3 3 1
null-space/internal/widget/reconcile.go:63.2,71.17 3 1
null-space/internal/widget/reconcile.go:71.17,73.3 1 1
null-space/internal/widget/reconcile.go:76.2,91.39 3 1
null-space/internal/widget/reconcile.go:91.39,93.3 1 1
null-space/internal/widget/reconcile.go:95.2,95.11 1 1
null-space/internal/widget/reconcile.go:108.113,109.17 1 1
null-space/internal/widget/reconcile.go:109.17,111.3 1 0
null-space/internal/widget/reconcile.go:115.2,116.15 2 1
null-space/internal/widget/reconcile.go:116.15,117.58 1 1
null-space/internal/widget/reconcile.go:117.58,120.41 2 1
null-space/internal/widget/reconcile.go:120.41,121.30 1 1
null-space/internal/widget/reconcile.go:121.30,123.6 1 1
null-space/internal/widget/reconcile.go:125.4,125.25 1 1
null-space/internal/widget/reconcile.go:129.2,132.62 3 1
null-space/internal/widget/reconcile.go:132.62,137.47 4 1
null-space/internal/widget/reconcile.go:137.47,139.4 1 1
null-space/internal/widget/reconcile.go:140.3,140.11 1 1
null-space/internal/widget/reconcile.go:143.2,143.19 1 1
null-space/internal/widget/reconcile.go:144.15,145.29 1 1
null-space/internal/widget/reconcile.go:146.15,147.45 1 1
null-space/internal/widget/reconcile.go:148.17,149.37 1 0
null-space/internal/widget/reconcile.go:150.15,151.33 1 1
null-space/internal/widget/reconcile.go:152.16,153.42 1 1
null-space/internal/widget/reconcile.go:154.19,155.45 1 0
null-space/internal/widget/reconcile.go:156.18,157.44 1 0
null-space/internal/widget/reconcile.go:158.18,159.44 1 1
null-space/internal/widget/reconcile.go:160.18,161.32 1 1
null-space/internal/widget/reconcile.go:162.16,163.55 1 1
null-space/internal/widget/reconcile.go:164.16,165.56 1 1
null-space/internal/widget/reconcile.go:166.10,167.32 1 0
null-space/internal/widget/reconcile.go:172.2,172.15 1 1
null-space/internal/widget/reconcile.go:172.15,175.35 2 1
null-space/internal/widget/reconcile.go:175.35,177.4 1 1
null-space/internal/widget/reconcile.go:178.3,179.20 2 1
null-space/internal/widget/reconcile.go:179.20,184.4 4 1
null-space/internal/widget/reconcile.go:185.3,185.12 1 1
null-space/internal/widget/reconcile.go:188.2,189.13 2 1
null-space/internal/widget/reconcile.go:192.66,194.2 1 1
null-space/internal/widget/reconcile.go:196.120,199.38 2 1
null-space/internal/widget/reconcile.go:199.38,206.23 3 1
null-space/internal/widget/reconcile.go:206.23,209.4 2 0
null-space/internal/widget/reconcile.go:210.3,214.5 1 1
null-space/internal/widget/reconcile.go:216.2,216.14 1 1
null-space/internal/widget/reconcile.go:219.112,221.65 1 1
null-space/internal/widget/reconcile.go:221.65,225.3 3 0
null-space/internal/widget/reconcile.go:226.2,229.19 2 1
null-space/internal/widget/reconcile.go:229.19,230.41 1 1
null-space/internal/widget/reconcile.go:230.41,232.5 1 1
null-space/internal/widget/reconcile.go:237.118,239.68 1 0
null-space/internal/widget/reconcile.go:239.68,242.3 2 0
null-space/internal/widget/reconcile.go:243.2,248.22 6 0
null-space/internal/widget/reconcile.go:248.22,250.3 1 0
null-space/internal/widget/reconcile.go:251.2,253.34 3 0
null-space/internal/widget/reconcile.go:253.34,254.40 1 0
null-space/internal/widget/reconcile.go:254.40,256.4 1 0
null-space/internal/widget/reconcile.go:258.2,258.11 1 0
null-space/internal/widget/reconcile.go:261.116,262.67 1 0
null-space/internal/widget/reconcile.go:262.67,268.3 4 0
null-space/internal/widget/reconcile.go:269.2,273.32 2 0
null-space/internal/widget/reconcile.go:273.32,274.41 1 0
null-space/internal/widget/reconcile.go:274.41,275.16 1 0
null-space/internal/widget/reconcile.go:275.16,277.6 1 0
null-space/internal/widget/reconcile.go:277.11,279.6 1 0
null-space/internal/widget/reconcile.go:285.116,287.67 1 1
null-space/internal/widget/reconcile.go:287.67,291.3 3 0
null-space/internal/widget/reconcile.go:292.2,296.3 1 1
null-space/internal/widget/reconcile.go:299.72,305.2 1 1
null-space/internal/widget/reconcile.go:307.145,310.38 2 1
null-space/internal/widget/reconcile.go:310.38,316.22 2 1
null-space/internal/widget/reconcile.go:316.22,317.19 1 1
null-space/internal/widget/reconcile.go:317.19,319.6 1 1
null-space/internal/widget/reconcile.go:320.5,320.24 1 1
null-space/internal/widget/reconcile.go:324.2,324.18 1 1
null-space/internal/widget/reconcile.go:333.13,336.2 1 1
null-space/internal/widget/rendercache.go:22.47,22.78 1 0
null-space/internal/widget/rendercache.go:23.48,23.77 1 1
null-space/internal/widget/rendercache.go:24.48,24.72 1 0
null-space/internal/widget/rendercache.go:27.48,28.40 1 0
null-space/internal/widget/rendercache.go:28.40,30.3 1 0
null-space/internal/widget/rendercache.go:31.2,31.21 1 0
null-space/internal/widget/rendercache.go:34.116,37.67 1 1
null-space/internal/widget/rendercache.go:37.67,40.3 2 0
null-space/internal/widget/rendercache.go:43.2,43.30 1 1
null-space/internal/widget/rendercache.go:43.30,51.3 7 1
null-space/internal/widget/rendercache.go:51.8,56.3 3 1
null-space/internal/widget/rendercache.go:60.49,61.40 1 0
null-space/internal/widget/rendercache.go:61.40,63.3 1 0
null-space/internal/widget/screen.go:29.87,39.19 8 0
null-space/internal/widget/screen.go:39.19,41.3 1 0
null-space/internal/widget/screen.go:43.2,51.74 7 0
null-space/internal/widget/screen.go:55.52,57.2 1 0
null-space/internal/widget/screen.go:60.39,62.2 1 0
null-space/internal/widget/screen.go:65.62,67.2 1 0
null-space/internal/widget/screen.go:71.49,72.74 1 0
null-space/internal/widget/screen.go:72.74,74.3 1 0
null-space/internal/widget/screen.go:75.2,75.67 1 0
null-space/internal/widget/screen.go:76.18,77.18 1 0
null-space/internal/widget/screen.go:78.21,79.18 1 0
null-space/internal/widget/screen.go:81.2,81.12 1 0
null-space/internal/widget/screen.go:86.47,88.49 1 0
null-space/internal/widget/screen.go:88.49,90.3 1 0
null-space/internal/widget/screen.go:91.2,91.14 1 0
null-space/internal/widget/screen.go:95.35,97.2 1 0
null-space/internal/widget/screen.go:100.32,102.2 1 0
null-space/internal/widget/screen.go:105.32,107.2 1 0
null-space/internal/widget/statusbar.go:17.43,17.59 1 0
null-space/internal/widget/statusbar.go:18.43,18.58 1 0
null-space/internal/widget/statusbar.go:19.44,19.45 0 0
null-space/internal/widget/statusbar.go:22.106,23.31 1 0
null-space/internal/widget/statusbar.go:23.31,25.3 1 0
null-space/internal/widget/statusbar.go:27.2,34.22 4 0
null-space/internal/widget/statusbar.go:34.22,36.3 1 0
null-space/internal/widget/statusbar.go:39.2,39.23 1 0
null-space/internal/widget/statusbar.go:39.23,41.33 2 0
null-space/internal/widget/statusbar.go:41.33,43.4 1 0
null-space/internal/widget/table.go:17.39,17.40 0 0
null-space/internal/widget/table.go:18.38,18.54 1 0
null-space/internal/widget/table.go:19.38,19.63 1 1
null-space/internal/widget/table.go:21.102,25.22 3 1
null-space/internal/widget/table.go:25.22,27.3 1 0
null-space/internal/widget/table.go:30.2,31.29 2 1
null-space/internal/widget/table.go:31.29,32.25 1 1
null-space/internal/widget/table.go:32.25,34.4 1 1
null-space/internal/widget/table.go:36.2,37.29 2 1
null-space/internal/widget/table.go:37.29,38.28 1 1
null-space/internal/widget/table.go:38.28,40.24 2 1
null-space/internal/widget/table.go:40.24,42.5 1 1
null-space/internal/widget/table.go:46.2,47.33 2 1
null-space/internal/widget/table.go:47.33,48.22 1 1
null-space/internal/widget/table.go:48.22,49.9 1 0
null-space/internal/widget/table.go:51.3,52.32 2 1
null-space/internal/widget/table.go:52.32,54.24 2 1
null-space/internal/widget/table.go:54.24,56.5 1 1
null-space/internal/widget/table.go:57.4,59.38 2 1
null-space/internal/widget/table.go:59.38,61.5 1 1
null-space/internal/widget/table.go:62.4,63.21 2 1
null-space/internal/widget/table.go:63.21,66.5 2 1
null-space/internal/widget/table.go:68.3,68.8 1 1
null-space/internal/widget/teampanel.go:42.44,42.59 1 0
null-space/internal/widget/teampanel.go:43.44,43.60 1 0
null-space/internal/widget/teampanel.go:44.45,44.82 1 0
null-space/internal/widget/teampanel.go:49.47,49.48 0 0
null-space/internal/widget/teampanel.go:51.42,55.9 4 0
null-space/internal/widget/teampanel.go:55.9,57.3 1 0
null-space/internal/widget/teampanel.go:58.2,58.21 1 0
null-space/internal/widget/teampanel.go:59.20,60.20 1 0
null-space/internal/widget/teampanel.go:61.19,62.24 1 0
null-space/internal/widget/teampanel.go:63.12,64.29 1 0
null-space/internal/widget/teampanel.go:64.29,66.4 1 0
null-space/internal/widget/teampanel.go:67.3,67.24 1 0
null-space/internal/widget/teampanel.go:67.24,69.4 1 0
null-space/internal/widget/teampanel.go:69.9,69.30 1 0
null-space/internal/widget/teampanel.go:69.30,71.4 1 0
null-space/internal/widget/teampanel.go:72.14,73.29 1 0
null-space/internal/widget/teampanel.go:73.29,75.4 1 0
null-space/internal/widget/teampanel.go:76.3,77.23 2 0
null-space/internal/widget/teampanel.go:77.23,80.4 1 0
null-space/internal/widget/teampanel.go:80.9,80.40 1 0
null-space/internal/widget/teampanel.go:80.40,82.4 1 0
null-space/internal/widget/teampanel.go:82.9,82.58 1 0
null-space/internal/widget/teampanel.go:82.58,84.30 1 0
null-space/internal/widget/teampanel.go:84.30,86.5 1 0
null-space/internal/widget/teampanel.go:88.15,89.79 1 0
null-space/internal/widget/teampanel.go:89.79,91.4 1 0
null-space/internal/widget/teampanel.go:92.14,93.78 1 0
null-space/internal/widget/teampanel.go:93.78,95.4 1 0
null-space/internal/widget/teampanel.go:96.15,97.78 1 0
null-space/internal/widget/teampanel.go:97.78,99.4 1 0
null-space/internal/widget/teampanel.go:103.113,113.18 5 0
null-space/internal/widget/teampanel.go:113.18,115.34 2 0
null-space/internal/widget/teampanel.go:115.34,117.4 1 0
null-space/internal/widget/teampanel.go:119.3,123.8 5 0
null-space/internal/widget/teampanel.go:127.2,127.36 1 0
null-space/internal/widget/teampanel.go:127.36,128.20 1 0
null-space/internal/widget/teampanel.go:128.20,129.9 1 0
null-space/internal/widget/teampanel.go:131.3,132.26 2 0
null-space/internal/widget/teampanel.go:132.26,133.40 1 0
null-space/internal/widget/teampanel.go:133.40,135.5 1 0
null-space/internal/widget/teampanel.go:137.3,138.8 2 0
null-space/internal/widget/teampanel.go:142.2,142.32 1 0
null-space/internal/widget/teampanel.go:142.32,143.20 1 0
null-space/internal/widget/teampanel.go:143.20,144.9 1 0
null-space/internal/widget/teampanel.go:147.3,148.20 2 0
null-space/internal/widget/teampanel.go:148.20,149.9 1 0
null-space/internal/widget/teampanel.go:153.3,154.35 2 0
null-space/internal/widget/teampanel.go:154.35,156.4 1 0
null-space/internal/widget/teampanel.go:157.3,162.38 5 0
null-space/internal/widget/teampanel.go:162.38,164.4 1 0
null-space/internal/widget/teampanel.go:165.3,169.36 3 0
null-space/internal/widget/teampanel.go:169.36,170.21 1 0
null-space/internal/widget/teampanel.go:170.21,171.10 1 0
null-space/internal/widget/teampanel.go:173.4,174.27 2 0
null-space/internal/widget/teampanel.go:174.27,175.41 1 0
null-space/internal/widget/teampanel.go:175.41,177.6 1 0
null-space/internal/widget/teampanel.go:179.4,180.9 2 0
null-space/internal/widget/teampanel.go:185.2,185.37 1 0
null-space/internal/widget/teampanel.go:185.37,189.3 3 0
null-space/internal/widget/teampanel.go:193.45,194.15 1 0
null-space/internal/widget/teampanel.go:194.15,196.3 1 0
null-space/internal/widget/teampanel.go:197.2,198.22 2 0
null-space/internal/widget/teampanel.go:198.22,200.15 2 0
null-space/internal/widget/teampanel.go:200.15,202.4 1 0
null-space/internal/widget/teampanel.go:203.3,203.8 1 0
null-space/internal/widget/teampanel.go:205.2,205.10 1 0
null-space/internal/widget/textarea.go:24.48,24.63 1 0
null-space/internal/widget/textarea.go:25.48,25.63 1 0
null-space/internal/widget/textarea.go:26.48,26.83 1 0
null-space/internal/widget/textarea.go:28.40,31.27 3 0
null-space/internal/widget/textarea.go:32.23,33.23 1 0
null-space/internal/widget/textarea.go:34.14,36.10 2 0
null-space/internal/widget/textarea.go:37.20,39.10 2 0
null-space/internal/widget/textarea.go:40.13,41.23 1 0
null-space/internal/widget/textarea.go:41.23,43.5 1 0
null-space/internal/widget/textarea.go:44.15,45.36 1 0
null-space/internal/widget/textarea.go:45.36,47.5 1 0
null-space/internal/widget/textarea.go:48.15,49.23 1 0
null-space/internal/widget/textarea.go:49.23,51.5 1 0
null-space/internal/widget/textarea.go:52.16,53.77 1 0
null-space/internal/widget/textarea.go:53.77,55.5 1 0
null-space/internal/widget/textarea.go:56.16,58.34 1 0
null-space/internal/widget/textarea.go:58.34,62.32 4 0
null-space/internal/widget/textarea.go:62.32,64.6 1 0
null-space/internal/widget/textarea.go:65.5,69.20 5 0
null-space/internal/widget/textarea.go:71.20,72.53 1 0
null-space/internal/widget/textarea.go:72.53,76.5 3 0
null-space/internal/widget/textarea.go:76.10,76.50 1 0
null-space/internal/widget/textarea.go:76.50,83.5 5 0
null-space/internal/widget/textarea.go:84.11,87.37 2 0
null-space/internal/widget/textarea.go:87.37,88.26 1 0
null-space/internal/widget/textarea.go:88.26,90.6 1 0
null-space/internal/widget/textarea.go:91.5,92.32 2 0
null-space/internal/widget/textarea.go:92.32,94.6 1 0
null-space/internal/widget/textarea.go:95.5,96.18 2 0
null-space/internal/widget/textarea.go:102.111,111.23 7 0
null-space/internal/widget/textarea.go:111.23,113.3 1 0
null-space/internal/widget/textarea.go:116.2,116.31 1 0
null-space/internal/widget/textarea.go:116.31,118.3 1 0
null-space/internal/widget/textarea.go:119.2,119.39 1 0
null-space/internal/widget/textarea.go:119.39,121.3 1 0
null-space/internal/widget/textarea.go:123.2,123.30 1 0
null-space/internal/widget/textarea.go:123.30,132.29 6 0
null-space/internal/widget/textarea.go:132.29,134.4 1 0
null-space/internal/widget/textarea.go:136.3,136.24 1 0
null-space/internal/widget/textarea.go:136.24,138.34 2 0
null-space/internal/widget/textarea.go:138.34,139.22 1 0
null-space/internal/widget/textarea.go:139.22,140.11 1 0
null-space/internal/widget/textarea.go:142.5,143.10 2 0
null-space/internal/widget/textarea.go:146.4,146.21 1 0
null-space/internal/widget/textarea.go:146.21,149.5 2 0
null-space/internal/widget/textarea.go:150.9,151.38 1 0
null-space/internal/widget/textarea.go:151.38,153.5 1 0
null-space/internal/widget/textinput.go:30.45,30.82 1 1
null-space/internal/widget/textinput.go:32.43,32.58 1 1
null-space/internal/widget/textinput.go:33.43,33.58 1 1
null-space/internal/widget/textinput.go:34.43,34.70 1 0
null-space/internal/widget/textinput.go:35.43,35.67 1 0
null-space/internal/widget/textinput.go:37.42,40.27 3 1
null-space/internal/widget/textinput.go:41.23,42.23 1 1
null-space/internal/widget/textinput.go:43.16,44.26 1 1
null-space/internal/widget/textinput.go:44.26,47.19 3 1
null-space/internal/widget/textinput.go:47.19,49.6 1 1
null-space/internal/widget/textinput.go:51.4,51.10 1 1
null-space/internal/widget/textinput.go:52.14,54.10 2 1
null-space/internal/widget/textinput.go:55.20,57.10 2 0
null-space/internal/widget/textinput.go:60.2,61.21 2 0
null-space/internal/widget/textinput.go:64.113,93.15 23 1
null-space/internal/widget/textinput.go:93.15,102.30 7 1
null-space/internal/widget/textinput.go:102.30,104.4 1 1
null-space/internal/widget/textinput.go:105.3,105.9 1 1
null-space/internal/widget/textinput.go:108.2,110.15 3 1
null-space/internal/widget/textinput.go:110.15,112.31 1 1
null-space/internal/widget/textinput.go:112.31,114.4 1 1
null-space/internal/widget/textinput.go:115.3,115.9 1 1
null-space/internal/widget/textinput.go:118.2,119.24 2 0
null-space/internal/widget/textinput.go:119.24,120.20 1 0
null-space/internal/widget/textinput.go:120.20,121.9 1 0
null-space/internal/widget/textinput.go:123.3,124.8 2 0
null-space/internal/widget/textinput.go:126.2,127.29 2 0
null-space/internal/widget/textinput.go:127.29,129.3 1 0
null-space/internal/widget/textinput.go:149.49,151.15 2 1
null-space/internal/widget/textinput.go:151.15,153.3 1 1
null-space/internal/widget/textinput.go:154.2,154.67 1 1
null-space/internal/widget/textinput.go:154.67,156.29 2 1
null-space/internal/widget/textinput.go:156.29,158.4 1 0
null-space/internal/widget/textinput.go:162.45,165.27 3 1
null-space/internal/widget/textinput.go:166.23,167.23 1 1
null-space/internal/widget/textinput.go:168.16,173.40 5 1
null-space/internal/widget/textinput.go:173.40,176.5 2 1
null-space/internal/widget/textinput.go:177.4,177.10 1 1
null-space/internal/widget/textinput.go:178.14,182.23 4 1
null-space/internal/widget/textinput.go:182.23,184.5 1 0
null-space/internal/widget/textinput.go:185.4,185.10 1 1
null-space/internal/widget/textinput.go:186.13,187.28 1 1
null-space/internal/widget/textinput.go:187.28,189.5 1 0
null-space/internal/widget/textinput.go:190.4,190.27 1 1
null-space/internal/widget/textinput.go:190.27,193.5 2 1
null-space/internal/widget/textinput.go:193.10,193.32 1 1
null-space/internal/widget/textinput.go:193.32,195.5 1 1
null-space/internal/widget/textinput.go:196.4,198.10 3 1
null-space/internal/widget/textinput.go:199.15,200.27 1 1
null-space/internal/widget/textinput.go:200.27,202.5 1 0
null-space/internal/widget/textinput.go:203.4,203.41 1 1
null-space/internal/widget/textinput.go:203.41,206.5 2 1
null-space/internal/widget/textinput.go:206.10,209.5 2 1
null-space/internal/widget/textinput.go:210.4,211.10 2 1
null-space/internal/widget/textinput.go:212.14,215.49 1 1
null-space/internal/widget/textinput.go:215.49,216.53 1 1
null-space/internal/widget/textinput.go:216.53,219.6 2 1
null-space/internal/widget/textinput.go:220.5,220.11 1 1
null-space/internal/widget/textinput.go:222.4,223.10 2 1
null-space/internal/widget/textinput.go:224.20,226.10 2 0
null-space/internal/widget/textinput.go:229.2,230.21 2 0
null-space/internal/widget/textview.go:25.43,25.78 1 0
null-space/internal/widget/textview.go:27.41,27.64 1 1
null-space/internal/widget/textview.go:28.41,28.56 1 1
null-space/internal/widget/textview.go:31.37,31.53 1 1
null-space/internal/widget/textview.go:34.34,34.53 1 1
null-space/internal/widget/textview.go:36.40,39.19 3 0
null-space/internal/widget/textview.go:39.19,41.3 1 0
null-space/internal/widget/textview.go:42.2,42.27 1 0
null-space/internal/widget/textview.go:43.23,44.23 1 0
null-space/internal/widget/textview.go:45.14,47.10 2 0
null-space/internal/widget/textview.go:48.20,50.10 2 0
null-space/internal/widget/textview.go:51.15,53.19 2 0
null-space/internal/widget/textview.go:54.17,56.19 2 0
null-space/internal/widget/textview.go:58.25,59.21 1 0
null-space/internal/widget/textview.go:60.25,62.19 2 0
null-space/internal/widget/textview.go:63.27,65.19 2 0
null-space/internal/widget/textview.go:70.34,72.16 2 1
null-space/internal/widget/textview.go:72.16,74.3 1 1
null-space/internal/widget/textview.go:75.2,75.29 1 1
null-space/internal/widget/textview.go:75.29,77.3 1 1
null-space/internal/widget/textview.go:78.2,78.24 1 1
null-space/internal/widget/textview.go:78.24,80.3 1 1
null-space/internal/widget/textview.go:83.111,93.19 9 1
null-space/internal/widget/textview.go:93.19,95.3 1 0
null-space/internal/widget/textview.go:98.2,102.11 3 1
null-space/internal/widget/textview.go:102.11,104.14 2 1
null-space/internal/widget/textview.go:104.14,106.4 1 0
null-space/internal/widget/textview.go:107.3,108.16 2 1
null-space/internal/widget/textview.go:108.16,110.4 1 1
null-space/internal/widget/textview.go:111.3,111.36 1 1
null-space/internal/widget/textview.go:115.2,116.44 2 1
null-space/internal/widget/textview.go:116.44,118.3 1 1
null-space/internal/widget/textview.go:119.2,119.36 1 1
null-space/internal/widget/textview.go:119.36,121.3 1 1
null-space/internal/widget/textview.go:124.2,124.19 1 1
null-space/internal/widget/textview.go:124.19,126.3 1 0
null-space/internal/widget/textview.go:130.104,131.18 1 0
null-space/internal/widget/textview.go:131.18,133.3 1 0
null-space/internal/widget/textview.go:134.2,134.22 1 0
null-space/internal/widget/textview.go:134.22,135.32 1 0
null-space/internal/widget/textview.go:135.32,137.4 1 0
null-space/internal/widget/textview.go:138.3,138.9 1 0
null-space/internal/widget/textview.go:140.2,143.19 4 0
null-space/internal/widget/textview.go:143.19,145.3 1 0
null-space/internal/widget/textview.go:146.2,147.21 2 0
null-space/internal/widget/textview.go:147.21,149.3 1 0
null-space/internal/widget/textview.go:150.2,150.31 1 0
null-space/internal/widget/textview.go:150.31,152.46 2 0
null-space/internal/widget/textview.go:152.46,154.4 1 0
null-space/internal/widget/textview.go:155.3,155.51 1 0
null-space/internal/widget/textview.go:160.109,161.18 1 1
null-space/internal/widget/textview.go:161.18,163.3 1 0
null-space/internal/widget/textview.go:164.2,165.22 2 1
null-space/internal/widget/textview.go:165.22,166.24 1 1
null-space/internal/widget/textview.go:166.24,168.4 1 1
null-space/internal/widget/textview.go:169.3,169.15 1 1
null-space/internal/widget/textview.go:171.2,174.19 4 1
null-space/internal/widget/textview.go:174.19,176.3 1 0
null-space/internal/widget/textview.go:177.2,178.21 2 1
null-space/internal/widget/textview.go:178.21,180.3 1 1
null-space/internal/widget/textview.go:181.2,181.23 1 1
null-space/internal/widget/textview.go:181.23,182.46 1 1
null-space/internal/widget/textview.go:182.46,184.4 1 1
null-space/internal/widget/textview.go:184.9,186.4 1 1
null-space/internal/widget/textview.go:188.2,188.14 1 1
null-space/internal/widget/window.go:32.77,36.2 3 1
null-space/internal/widget/window.go:39.100,46.19 7 1
null-space/internal/widget/window.go:46.19,48.3 1 0
null-space/internal/widget/window.go:49.2,60.20 7 1
null-space/internal/widget/window.go:60.20,63.20 3 1
null-space/internal/widget/window.go:63.20,67.49 4 1
null-space/internal/widget/window.go:67.49,69.5 1 1
null-space/internal/widget/window.go:70.9,71.45 1 1
null-space/internal/widget/window.go:71.45,73.5 1 1
null-space/internal/widget/window.go:78.2,81.43 4 1
null-space/internal/widget/window.go:81.43,83.3 1 1
null-space/internal/widget/window.go:86.2,88.41 3 1
null-space/internal/widget/window.go:88.41,91.3 2 1
null-space/internal/widget/window.go:94.2,97.35 2 1
null-space/internal/widget/window.go:97.35,99.25 2 1
null-space/internal/widget/window.go:99.25,100.12 1 0
null-space/internal/widget/window.go:102.3,103.61 2 1
null-space/internal/widget/window.go:107.2,107.35 1 1
null-space/internal/widget/window.go:107.35,109.25 2 1
null-space/internal/widget/window.go:109.25,110.12 1 0
null-space/internal/widget/window.go:112.3,112.31 1 1
null-space/internal/widget/window.go:113.18,114.43 1 1
null-space/internal/widget/window.go:114.43,117.5 2 1
null-space/internal/widget/window.go:118.18,119.43 1 0
null-space/internal/widget/window.go:119.43,120.23 1 0
null-space/internal/widget/window.go:120.23,122.6 1 0
null-space/internal/widget/window.go:123.5,123.78 1 0
null-space/internal/widget/window.go:131.32,134.35 2 1
null-space/internal/widget/window.go:134.35,137.22 3 1
null-space/internal/widget/window.go:137.22,139.4 1 1
null-space/internal/widget/window.go:140.3,140.22 1 1
null-space/internal/widget/window.go:140.22,142.4 1 1
null-space/internal/widget/window.go:144.2,146.32 3 1
null-space/internal/widget/window.go:146.32,148.3 1 0
null-space/internal/widget/window.go:151.2,156.35 5 1
null-space/internal/widget/window.go:156.35,159.17 3 1
null-space/internal/widget/window.go:159.17,161.4 1 0
null-space/internal/widget/window.go:162.3,162.17 1 1
null-space/internal/widget/window.go:162.17,164.4 1 0
null-space/internal/widget/window.go:166.3,166.51 1 1
null-space/internal/widget/window.go:166.51,168.4 1 1
null-space/internal/widget/window.go:169.3,169.51 1 1
null-space/internal/widget/window.go:169.51,171.4 1 1
null-space/internal/widget/window.go:172.3,172.35 1 1
null-space/internal/widget/window.go:172.35,174.4 1 1
null-space/internal/widget/window.go:175.3,175.35 1 1
null-space/internal/widget/window.go:175.35,177.4 1 1
null-space/internal/widget/window.go:181.2,188.25 6 1
null-space/internal/widget/window.go:188.25,191.3 2 1
null-space/internal/widget/window.go:192.2,193.19 2 1
null-space/internal/widget/window.go:193.19,195.3 1 0
null-space/internal/widget/window.go:196.2,197.25 2 1
null-space/internal/widget/window.go:197.25,200.3 2 1
null-space/internal/widget/window.go:204.56,206.48 2 1
null-space/internal/widget/window.go:206.48,208.3 1 0
null-space/internal/widget/window.go:209.2,212.66 4 1
null-space/internal/widget/window.go:212.66,214.3 1 1
null-space/internal/widget/window.go:215.2,216.66 2 1
null-space/internal/widget/window.go:216.66,218.3 1 1
null-space/internal/widget/window.go:219.2,219.21 1 1
null-space/internal/widget/window.go:227.52,228.53 1 1
null-space/internal/widget/window.go:228.53,230.3 1 0
null-space/internal/widget/window.go:231.2,232.20 2 1
null-space/internal/widget/window.go:232.20,234.3 1 0
null-space/internal/widget/window.go:235.2,237.33 2 1
null-space/internal/widget/window.go:237.33,239.10 2 1
null-space/internal/widget/window.go:239.10,241.4 1 0
null-space/internal/widget/window.go:241.9,241.18 1 1
null-space/internal/widget/window.go:241.18,243.4 1 0
null-space/internal/widget/window.go:245.2,245.12 1 1
null-space/internal/widget/window.go:250.37,253.28 3 1
null-space/internal/widget/window.go:253.28,254.40 1 1
null-space/internal/widget/window.go:254.40,256.4 1 1
null-space/internal/widget/window.go:259.2,259.34 1 1
null-space/internal/widget/window.go:259.34,260.93 1 1
null-space/internal/widget/window.go:260.93,262.4 1 0
null-space/internal/widget/window.go:264.2,264.14 1 1
null-space/internal/widget/window.go:268.39,270.2 1 1
null-space/internal/widget/window.go:273.43,275.2 1 0
null-space/internal/widget/window.go:277.49,279.21 2 1
null-space/internal/widget/window.go:279.21,281.3 1 0
null-space/internal/widget/window.go:282.2,285.28 3 1
null-space/internal/widget/window.go:285.28,286.24 1 1
null-space/internal/widget/window.go:286.24,288.9 2 1
null-space/internal/widget/window.go:291.2,291.13 1 1
null-space/internal/widget/window.go:291.13,294.3 1 0
null-space/internal/widget/window.go:294.8,297.3 2 1
null-space/internal/widget/window.go:298.2,298.26 1 1
null-space/internal/widget/window.go:298.26,301.3 2 1
null-space/internal/widget/window.go:302.2,302.12 1 0
null-space/internal/widget/window.go:307.53,308.39 1 1
null-space/internal/widget/window.go:308.39,310.3 1 0
null-space/internal/widget/window.go:311.2,311.46 1 1
null-space/internal/widget/window.go:312.18,313.26 1 1
null-space/internal/widget/window.go:314.21,315.26 1 1
null-space/internal/widget/window.go:317.2,317.12 1 1
null-space/internal/widget/window.go:322.41,323.39 1 1
null-space/internal/widget/window.go:323.39,325.3 1 0
null-space/internal/widget/window.go:326.2,326.46 1 1
null-space/internal/widget/window.go:327.18,328.18 1 0
null-space/internal/widget/window.go:329.21,330.18 1 0
null-space/internal/widget/window.go:336.39,338.21 2 1
null-space/internal/widget/window.go:338.21,341.3 2 0
null-space/internal/widget/window.go:342.2,343.40 2 1
null-space/internal/widget/window.go:347.62,348.53 1 1
null-space/internal/widget/window.go:348.53,350.3 1 0
null-space/internal/widget/window.go:351.2,355.24 3 1
null-space/internal/widget/window.go:356.18,357.19 1 1
null-space/internal/widget/window.go:358.21,359.19 1 0
null-space/internal/widget/window.go:361.2,361.18 1 1
null-space/internal/widget/window.go:361.18,363.3 1 0
null-space/internal/widget/window.go:364.2,365.19 2 1
null-space/internal/widget/window.go:365.19,367.3 1 0
null-space/internal/widget/window.go:368.2,371.21 4 1
null-space/internal/widget/window.go:376.47,377.47 1 0
null-space/internal/widget/window.go:377.47,379.3 1 0
null-space/internal/widget/window.go:380.2,380.48 1 0
null-space/internal/widget/window.go:380.48,382.3 1 0
null-space/internal/widget/window.go:383.2,383.35 1 0
null-space/internal/widget/window.go:383.35,384.33 1 0
null-space/internal/widget/window.go:384.33,385.12 1 0
null-space/internal/widget/window.go:387.3,388.55 2 0
null-space/internal/widget/window.go:388.55,390.47 2 0
null-space/internal/widget/window.go:390.47,392.5 1 0
null-space/internal/widget/window.go:393.4,393.15 1 0
null-space/internal/widget/window.go:396.2,396.13 1 0
